  [4;36;1mSQL (0.000315)[0m   [0;1m SELECT name
 FROM sqlite_master
 WHERE type = 'table' AND NOT name = 'sqlite_sequence'
[0m
  [4;35;1mSQL (0.000206)[0m   [0mselect sqlite_version(*)[0m
  [4;36;1mSQL (0.003015)[0m   [0;1mCREATE TABLE "schema_migrations" ("version" varchar(255) NOT NULL) [0m
  [4;35;1mSQL (0.003009)[0m   [0mCREATE UNIQUE INDEX "unique_schema_migrations" ON "schema_migrations" ("version")[0m
  [4;36;1mSQL (0.000630)[0m   [0;1m SELECT name
 FROM sqlite_master
 WHERE type = 'table' AND NOT name = 'sqlite_sequence'
[0m
  [4;35;1mSQL (0.000196)[0m   [0mSELECT version FROM schema_migrations[0m
Migrating to CreateClientWorkouts (20081129100300)
  [4;36;1mSQL (0.002293)[0m   [0;1mCREATE TABLE "client_workouts" ("id" INTEGER PRIMARY KEY AUTOINCREMENT NOT NULL, "client_name" varchar(255), "trainer" varchar(255), "duration_mins" integer, "date_of_workout" date, "paid_amount" decimal, "created_at" datetime, "updated_at" datetime) [0m
  [4;35;1mSQL (0.001843)[0m   [0mINSERT INTO schema_migrations (version) VALUES ('20081129100300')[0m
  [4;36;1mSQL (0.000353)[0m   [0;1m SELECT name
 FROM sqlite_master
 WHERE type = 'table' AND NOT name = 'sqlite_sequence'
[0m
  [4;35;1mSQL (0.000218)[0m   [0mSELECT version FROM schema_migrations[0m
  [4;36;1mSQL (0.000288)[0m   [0;1m SELECT name
 FROM sqlite_master
 WHERE type = 'table' AND NOT name = 'sqlite_sequence'
[0m
  [4;35;1mSQL (0.000105)[0m   [0mPRAGMA index_list("client_workouts")[0m


Processing ClientWorkoutsController#index (for 127.0.0.1 at 2008-11-29 10:09:47) [GET]
  Session ID: afaf2d296b99809290adbf454f07be09
  Parameters: {"action"=>"index", "controller"=>"client_workouts"}
  [4;36;1mClientWorkout Load (0.000365)[0m   [0;1mSELECT * FROM "client_workouts" [0m
Rendering template within layouts/client_workouts
Rendering client_workouts/index


ActionView::TemplateError (undefined local variable or method `’scaffold’' for #<ActionView::Base:0x2459f50>) on line #8 of layouts/client_workouts.html.erb:
5: <head>
6:   <meta http-equiv="content-type" content="text/html;charset=UTF-8" />
7:   <title>ClientWorkouts: <%= controller.action_name %></title>
8:   <%= stylesheet_link_tag ’scaffold’ %>
9: </head>
10: <body>
11: 

    app/views/layouts/client_workouts.html.erb:8:in `_run_erb_47app47views47layouts47client_workouts46html46erb'
    /Library/Ruby/Gems/1.8/gems/actionpack-2.1.2/lib/action_view/base.rb:342:in `send'
    /Library/Ruby/Gems/1.8/gems/actionpack-2.1.2/lib/action_view/base.rb:342:in `execute'
    /Library/Ruby/Gems/1.8/gems/actionpack-2.1.2/lib/action_view/template_handlers/compilable.rb:29:in `send'
    /Library/Ruby/Gems/1.8/gems/actionpack-2.1.2/lib/action_view/template_handlers/compilable.rb:29:in `render'
    /Library/Ruby/Gems/1.8/gems/actionpack-2.1.2/lib/action_view/template.rb:35:in `render'
    /Library/Ruby/Gems/1.8/gems/actionpack-2.1.2/lib/action_view/template.rb:22:in `render_template'
    /Library/Ruby/Gems/1.8/gems/actionpack-2.1.2/lib/action_view/base.rb:248:in `render_file'
    /Library/Ruby/Gems/1.8/gems/actionpack-2.1.2/lib/action_controller/layout.rb:257:in `render_without_benchmark'
    /Library/Ruby/Gems/1.8/gems/actionpack-2.1.2/lib/action_controller/benchmarking.rb:51:in `render'
    /Library/Ruby/Gems/1.8/gems/activesupport-2.1.2/lib/active_support/core_ext/benchmark.rb:8:in `realtime'
    /Library/Ruby/Gems/1.8/gems/actionpack-2.1.2/lib/action_controller/benchmarking.rb:51:in `render'
    /Library/Ruby/Gems/1.8/gems/actionpack-2.1.2/lib/action_controller/mime_responds.rb:131:in `send'
    /Library/Ruby/Gems/1.8/gems/actionpack-2.1.2/lib/action_controller/mime_responds.rb:131:in `custom'
    /Library/Ruby/Gems/1.8/gems/actionpack-2.1.2/lib/action_controller/mime_responds.rb:160:in `call'
    /Library/Ruby/Gems/1.8/gems/actionpack-2.1.2/lib/action_controller/mime_responds.rb:160:in `respond'
    /Library/Ruby/Gems/1.8/gems/actionpack-2.1.2/lib/action_controller/mime_responds.rb:154:in `each'
    /Library/Ruby/Gems/1.8/gems/actionpack-2.1.2/lib/action_controller/mime_responds.rb:154:in `respond'
    /Library/Ruby/Gems/1.8/gems/actionpack-2.1.2/lib/action_controller/mime_responds.rb:107:in `respond_to'
    app/controllers/client_workouts_controller.rb:7:in `index'
    /Library/Ruby/Gems/1.8/gems/actionpack-2.1.2/lib/action_controller/base.rb:1166:in `send'
    /Library/Ruby/Gems/1.8/gems/actionpack-2.1.2/lib/action_controller/base.rb:1166:in `perform_action_without_filters'
    /Library/Ruby/Gems/1.8/gems/actionpack-2.1.2/lib/action_controller/filters.rb:579:in `call_filters'
    /Library/Ruby/Gems/1.8/gems/actionpack-2.1.2/lib/action_controller/filters.rb:572:in `perform_action_without_benchmark'
    /Library/Ruby/Gems/1.8/gems/actionpack-2.1.2/lib/action_controller/benchmarking.rb:68:in `perform_action_without_rescue'
    /System/Library/Frameworks/Ruby.framework/Versions/1.8/usr/lib/ruby/1.8/benchmark.rb:293:in `measure'
    /Library/Ruby/Gems/1.8/gems/actionpack-2.1.2/lib/action_controller/benchmarking.rb:68:in `perform_action_without_rescue'
    /Library/Ruby/Gems/1.8/gems/actionpack-2.1.2/lib/action_controller/rescue.rb:201:in `perform_action_without_caching'
    /Library/Ruby/Gems/1.8/gems/actionpack-2.1.2/lib/action_controller/caching/sql_cache.rb:13:in `perform_action'
    /Library/Ruby/Gems/1.8/gems/activerecord-2.1.2/lib/active_record/connection_adapters/abstract/query_cache.rb:33:in `cache'
    /Library/Ruby/Gems/1.8/gems/activerecord-2.1.2/lib/active_record/query_cache.rb:8:in `cache'
    /Library/Ruby/Gems/1.8/gems/actionpack-2.1.2/lib/action_controller/caching/sql_cache.rb:12:in `perform_action'
    /Library/Ruby/Gems/1.8/gems/actionpack-2.1.2/lib/action_controller/base.rb:529:in `send'
    /Library/Ruby/Gems/1.8/gems/actionpack-2.1.2/lib/action_controller/base.rb:529:in `process_without_filters'
    /Library/Ruby/Gems/1.8/gems/actionpack-2.1.2/lib/action_controller/filters.rb:568:in `process_without_session_management_support'
    /Library/Ruby/Gems/1.8/gems/actionpack-2.1.2/lib/action_controller/session_management.rb:130:in `process'
    /Library/Ruby/Gems/1.8/gems/actionpack-2.1.2/lib/action_controller/base.rb:389:in `process'
    /Library/Ruby/Gems/1.8/gems/actionpack-2.1.2/lib/action_controller/dispatcher.rb:149:in `handle_request'
    /Library/Ruby/Gems/1.8/gems/actionpack-2.1.2/lib/action_controller/dispatcher.rb:107:in `dispatch'
    /Library/Ruby/Gems/1.8/gems/actionpack-2.1.2/lib/action_controller/dispatcher.rb:104:in `synchronize'
    /Library/Ruby/Gems/1.8/gems/actionpack-2.1.2/lib/action_controller/dispatcher.rb:104:in `dispatch'
    /Library/Ruby/Gems/1.8/gems/actionpack-2.1.2/lib/action_controller/dispatcher.rb:120:in `dispatch_cgi'
    /Library/Ruby/Gems/1.8/gems/actionpack-2.1.2/lib/action_controller/dispatcher.rb:35:in `dispatch'
    /System/Library/Frameworks/Ruby.framework/Versions/1.8/usr/lib/ruby/gems/1.8/gems/mongrel-1.1.4/lib/mongrel/rails.rb:76:in `process'
    /System/Library/Frameworks/Ruby.framework/Versions/1.8/usr/lib/ruby/gems/1.8/gems/mongrel-1.1.4/lib/mongrel/rails.rb:74:in `synchronize'
    /System/Library/Frameworks/Ruby.framework/Versions/1.8/usr/lib/ruby/gems/1.8/gems/mongrel-1.1.4/lib/mongrel/rails.rb:74:in `process'
    /System/Library/Frameworks/Ruby.framework/Versions/1.8/usr/lib/ruby/gems/1.8/gems/mongrel-1.1.4/lib/mongrel.rb:159:in `process_client'
    /System/Library/Frameworks/Ruby.framework/Versions/1.8/usr/lib/ruby/gems/1.8/gems/mongrel-1.1.4/lib/mongrel.rb:158:in `each'
    /System/Library/Frameworks/Ruby.framework/Versions/1.8/usr/lib/ruby/gems/1.8/gems/mongrel-1.1.4/lib/mongrel.rb:158:in `process_client'
    /System/Library/Frameworks/Ruby.framework/Versions/1.8/usr/lib/ruby/gems/1.8/gems/mongrel-1.1.4/lib/mongrel.rb:285:in `run'
    /System/Library/Frameworks/Ruby.framework/Versions/1.8/usr/lib/ruby/gems/1.8/gems/mongrel-1.1.4/lib/mongrel.rb:285:in `initialize'
    /System/Library/Frameworks/Ruby.framework/Versions/1.8/usr/lib/ruby/gems/1.8/gems/mongrel-1.1.4/lib/mongrel.rb:285:in `new'
    /System/Library/Frameworks/Ruby.framework/Versions/1.8/usr/lib/ruby/gems/1.8/gems/mongrel-1.1.4/lib/mongrel.rb:285:in `run'
    /System/Library/Frameworks/Ruby.framework/Versions/1.8/usr/lib/ruby/gems/1.8/gems/mongrel-1.1.4/lib/mongrel.rb:268:in `initialize'
    /System/Library/Frameworks/Ruby.framework/Versions/1.8/usr/lib/ruby/gems/1.8/gems/mongrel-1.1.4/lib/mongrel.rb:268:in `new'
    /System/Library/Frameworks/Ruby.framework/Versions/1.8/usr/lib/ruby/gems/1.8/gems/mongrel-1.1.4/lib/mongrel.rb:268:in `run'
    /System/Library/Frameworks/Ruby.framework/Versions/1.8/usr/lib/ruby/gems/1.8/gems/mongrel-1.1.4/lib/mongrel/configurator.rb:282:in `run'
    /System/Library/Frameworks/Ruby.framework/Versions/1.8/usr/lib/ruby/gems/1.8/gems/mongrel-1.1.4/lib/mongrel/configurator.rb:281:in `each'
    /System/Library/Frameworks/Ruby.framework/Versions/1.8/usr/lib/ruby/gems/1.8/gems/mongrel-1.1.4/lib/mongrel/configurator.rb:281:in `run'
    /System/Library/Frameworks/Ruby.framework/Versions/1.8/usr/lib/ruby/gems/1.8/gems/mongrel-1.1.4/bin/mongrel_rails:128:in `run'
    /System/Library/Frameworks/Ruby.framework/Versions/1.8/usr/lib/ruby/gems/1.8/gems/mongrel-1.1.4/lib/mongrel/command.rb:212:in `run'
    /System/Library/Frameworks/Ruby.framework/Versions/1.8/usr/lib/ruby/gems/1.8/gems/mongrel-1.1.4/bin/mongrel_rails:281
    /Library/Ruby/Gems/1.8/gems/activesupport-2.1.2/lib/active_support/dependencies.rb:503:in `load'
    /Library/Ruby/Gems/1.8/gems/activesupport-2.1.2/lib/active_support/dependencies.rb:503:in `load'
    /Library/Ruby/Gems/1.8/gems/activesupport-2.1.2/lib/active_support/dependencies.rb:355:in `new_constants_in'
    /Library/Ruby/Gems/1.8/gems/activesupport-2.1.2/lib/active_support/dependencies.rb:503:in `load'
    /Library/Ruby/Gems/1.8/gems/rails-2.1.2/lib/commands/servers/mongrel.rb:64
    /Library/Ruby/Site/1.8/rubygems/custom_require.rb:31:in `gem_original_require'
    /Library/Ruby/Site/1.8/rubygems/custom_require.rb:31:in `require'
    /Library/Ruby/Gems/1.8/gems/activesupport-2.1.2/lib/active_support/dependencies.rb:510:in `require'
    /Library/Ruby/Gems/1.8/gems/activesupport-2.1.2/lib/active_support/dependencies.rb:355:in `new_constants_in'
    /Library/Ruby/Gems/1.8/gems/activesupport-2.1.2/lib/active_support/dependencies.rb:510:in `require'
    /Library/Ruby/Gems/1.8/gems/rails-2.1.2/lib/commands/server.rb:39
    /Library/Ruby/Site/1.8/rubygems/custom_require.rb:31:in `gem_original_require'
    /Library/Ruby/Site/1.8/rubygems/custom_require.rb:31:in `require'
    script/server:3

Rendering /Library/Ruby/Gems/1.8/gems/actionpack-2.1.2/lib/action_controller/templates/rescues/layout.erb (internal_server_error)


Processing ClientWorkoutsController#index (for 127.0.0.1 at 2008-11-29 10:10:04) [GET]
  Session ID: BAh7BiIKZmxhc2hJQzonQWN0aW9uQ29udHJvbGxlcjo6Rmxhc2g6OkZsYXNo
SGFzaHsABjoKQHVzZWR7AA==--1e218f2ba16450a87a44eda69784c711fdcf7477
  Parameters: {"action"=>"index", "controller"=>"client_workouts"}
  [4;35;1mClientWorkout Load (0.000289)[0m   [0mSELECT * FROM "client_workouts" [0m
Rendering template within layouts/client_workouts
Rendering client_workouts/index
Completed in 0.00645 (154 reqs/sec) | Rendering: 0.00220 (34%) | DB: 0.00029 (4%) | 200 OK [http://localhost/client_workouts/]


Processing ClientWorkoutsController#index (for 127.0.0.1 at 2008-11-29 10:18:40) [GET]
  Session ID: BAh7BzoMY3NyZl9pZCIlYTU3NjYzZmRmZDY2ZWM0YzdiODUxMzk2MGI4ZTZj
ODEiCmZsYXNoSUM6J0FjdGlvbkNvbnRyb2xsZXI6OkZsYXNoOjpGbGFzaEhh
c2h7AAY6CkB1c2VkewA=--c35a623c649c3b3ae15a2f86198f7cdc6484bf7f
  Parameters: {"action"=>"index", "controller"=>"client_workouts"}
  [4;36;1mClientWorkout Load (0.000302)[0m   [0;1mSELECT * FROM "client_workouts" [0m
Rendering template within layouts/client_workouts
Rendering client_workouts/index
Completed in 0.00676 (147 reqs/sec) | Rendering: 0.00197 (29%) | DB: 0.00030 (4%) | 200 OK [http://localhost/client_workouts/]


Processing ApplicationController#index (for 127.0.0.1 at 2008-11-29 10:20:23) [GET]
  Session ID: BAh7BzoMY3NyZl9pZCIlYTU3NjYzZmRmZDY2ZWM0YzdiODUxMzk2MGI4ZTZj
ODEiCmZsYXNoSUM6J0FjdGlvbkNvbnRyb2xsZXI6OkZsYXNoOjpGbGFzaEhh
c2h7AAY6CkB1c2VkewA=--c35a623c649c3b3ae15a2f86198f7cdc6484bf7f
  Parameters: {}


ActionController::RoutingError (No route matches "/incidents/news.xml" with {:method=>:get}):
    /Library/Ruby/Gems/1.8/gems/actionpack-2.1.2/lib/action_controller/routing/recognition_optimisation.rb:67:in `recognize_path'
    /Library/Ruby/Gems/1.8/gems/actionpack-2.1.2/lib/action_controller/routing/route_set.rb:385:in `recognize'
    /Library/Ruby/Gems/1.8/gems/actionpack-2.1.2/lib/action_controller/dispatcher.rb:148:in `handle_request'
    /Library/Ruby/Gems/1.8/gems/actionpack-2.1.2/lib/action_controller/dispatcher.rb:107:in `dispatch'
    /Library/Ruby/Gems/1.8/gems/actionpack-2.1.2/lib/action_controller/dispatcher.rb:104:in `synchronize'
    /Library/Ruby/Gems/1.8/gems/actionpack-2.1.2/lib/action_controller/dispatcher.rb:104:in `dispatch'
    /Library/Ruby/Gems/1.8/gems/actionpack-2.1.2/lib/action_controller/dispatcher.rb:120:in `dispatch_cgi'
    /Library/Ruby/Gems/1.8/gems/actionpack-2.1.2/lib/action_controller/dispatcher.rb:35:in `dispatch'
    /System/Library/Frameworks/Ruby.framework/Versions/1.8/usr/lib/ruby/gems/1.8/gems/mongrel-1.1.4/bin/../lib/mongrel/rails.rb:76:in `process'
    /System/Library/Frameworks/Ruby.framework/Versions/1.8/usr/lib/ruby/gems/1.8/gems/mongrel-1.1.4/bin/../lib/mongrel/rails.rb:74:in `synchronize'
    /System/Library/Frameworks/Ruby.framework/Versions/1.8/usr/lib/ruby/gems/1.8/gems/mongrel-1.1.4/bin/../lib/mongrel/rails.rb:74:in `process'
    /System/Library/Frameworks/Ruby.framework/Versions/1.8/usr/lib/ruby/gems/1.8/gems/mongrel-1.1.4/lib/mongrel.rb:159:in `process_client'
    /System/Library/Frameworks/Ruby.framework/Versions/1.8/usr/lib/ruby/gems/1.8/gems/mongrel-1.1.4/lib/mongrel.rb:158:in `each'
    /System/Library/Frameworks/Ruby.framework/Versions/1.8/usr/lib/ruby/gems/1.8/gems/mongrel-1.1.4/lib/mongrel.rb:158:in `process_client'
    /System/Library/Frameworks/Ruby.framework/Versions/1.8/usr/lib/ruby/gems/1.8/gems/mongrel-1.1.4/lib/mongrel.rb:285:in `run'
    /System/Library/Frameworks/Ruby.framework/Versions/1.8/usr/lib/ruby/gems/1.8/gems/mongrel-1.1.4/lib/mongrel.rb:285:in `initialize'
    /System/Library/Frameworks/Ruby.framework/Versions/1.8/usr/lib/ruby/gems/1.8/gems/mongrel-1.1.4/lib/mongrel.rb:285:in `new'
    /System/Library/Frameworks/Ruby.framework/Versions/1.8/usr/lib/ruby/gems/1.8/gems/mongrel-1.1.4/lib/mongrel.rb:285:in `run'
    /System/Library/Frameworks/Ruby.framework/Versions/1.8/usr/lib/ruby/gems/1.8/gems/mongrel-1.1.4/lib/mongrel.rb:268:in `initialize'
    /System/Library/Frameworks/Ruby.framework/Versions/1.8/usr/lib/ruby/gems/1.8/gems/mongrel-1.1.4/lib/mongrel.rb:268:in `new'
    /System/Library/Frameworks/Ruby.framework/Versions/1.8/usr/lib/ruby/gems/1.8/gems/mongrel-1.1.4/lib/mongrel.rb:268:in `run'
    /System/Library/Frameworks/Ruby.framework/Versions/1.8/usr/lib/ruby/gems/1.8/gems/mongrel-1.1.4/lib/mongrel/configurator.rb:282:in `run'
    /System/Library/Frameworks/Ruby.framework/Versions/1.8/usr/lib/ruby/gems/1.8/gems/mongrel-1.1.4/lib/mongrel/configurator.rb:281:in `each'
    /System/Library/Frameworks/Ruby.framework/Versions/1.8/usr/lib/ruby/gems/1.8/gems/mongrel-1.1.4/lib/mongrel/configurator.rb:281:in `run'
    /System/Library/Frameworks/Ruby.framework/Versions/1.8/usr/lib/ruby/gems/1.8/gems/mongrel-1.1.4/bin/mongrel_rails:128:in `run'
    /System/Library/Frameworks/Ruby.framework/Versions/1.8/usr/lib/ruby/gems/1.8/gems/mongrel-1.1.4/lib/mongrel/command.rb:212:in `run'
    /System/Library/Frameworks/Ruby.framework/Versions/1.8/usr/lib/ruby/gems/1.8/gems/mongrel-1.1.4/bin/mongrel_rails:281
    /Library/Ruby/Gems/1.8/gems/activesupport-2.1.2/lib/active_support/dependencies.rb:503:in `load'
    /Library/Ruby/Gems/1.8/gems/activesupport-2.1.2/lib/active_support/dependencies.rb:503:in `load'
    /Library/Ruby/Gems/1.8/gems/activesupport-2.1.2/lib/active_support/dependencies.rb:355:in `new_constants_in'
    /Library/Ruby/Gems/1.8/gems/activesupport-2.1.2/lib/active_support/dependencies.rb:503:in `load'
    /Library/Ruby/Gems/1.8/gems/rails-2.1.2/lib/commands/servers/mongrel.rb:64
    /Library/Ruby/Site/1.8/rubygems/custom_require.rb:31:in `gem_original_require'
    /Library/Ruby/Site/1.8/rubygems/custom_require.rb:31:in `require'
    /Library/Ruby/Gems/1.8/gems/activesupport-2.1.2/lib/active_support/dependencies.rb:510:in `require'
    /Library/Ruby/Gems/1.8/gems/activesupport-2.1.2/lib/active_support/dependencies.rb:355:in `new_constants_in'
    /Library/Ruby/Gems/1.8/gems/activesupport-2.1.2/lib/active_support/dependencies.rb:510:in `require'
    /Library/Ruby/Gems/1.8/gems/rails-2.1.2/lib/commands/server.rb:39
    /Library/Ruby/Site/1.8/rubygems/custom_require.rb:31:in `gem_original_require'
    /Library/Ruby/Site/1.8/rubygems/custom_require.rb:31:in `require'
    script/server:3

Rendering /Library/Ruby/Gems/1.8/gems/actionpack-2.1.2/lib/action_controller/templates/rescues/layout.erb (not_found)


Processing ClientWorkoutsController#find (for 127.0.0.1 at 2008-11-29 10:42:16) [POST]
  Session ID: BAh7BzoMY3NyZl9pZCIlYTU3NjYzZmRmZDY2ZWM0YzdiODUxMzk2MGI4ZTZj
ODEiCmZsYXNoSUM6J0FjdGlvbkNvbnRyb2xsZXI6OkZsYXNoOjpGbGFzaEhh
c2h7AAY6CkB1c2VkewA=--c35a623c649c3b3ae15a2f86198f7cdc6484bf7f
  Parameters: {"commit"=>"Search", "search_string"=>"Lenny Goldberg", "authenticity_token"=>"fc16bb63e24407b806a2d0cdee63b4c3a107b571", "action"=>"find", "controller"=>"client_workouts"}
Rendering template within layouts/client_workouts
Rendering client_workouts/find


ActionView::MissingTemplate (Missing template client_workouts/find.html.erb in view path /Users/davidg/data/writing/books/hfror/pages/tech_review/code/chap4/trainers/app/views):
    /Library/Ruby/Gems/1.8/gems/actionpack-2.1.2/lib/action_view/template.rb:85:in `raise_missing_template_exception'
    /Library/Ruby/Gems/1.8/gems/actionpack-2.1.2/lib/action_view/template.rb:78:in `set_extension_and_file_name'
    /Library/Ruby/Gems/1.8/gems/actionpack-2.1.2/lib/action_view/template.rb:15:in `initialize'
    /Library/Ruby/Gems/1.8/gems/actionpack-2.1.2/lib/action_view/base.rb:248:in `new'
    /Library/Ruby/Gems/1.8/gems/actionpack-2.1.2/lib/action_view/base.rb:248:in `render_file'
    /Library/Ruby/Gems/1.8/gems/actionpack-2.1.2/lib/action_controller/base.rb:1112:in `render_for_file'
    /Library/Ruby/Gems/1.8/gems/actionpack-2.1.2/lib/action_controller/base.rb:845:in `render_with_no_layout'
    /Library/Ruby/Gems/1.8/gems/actionpack-2.1.2/lib/action_controller/layout.rb:251:in `render_without_benchmark'
    /Library/Ruby/Gems/1.8/gems/actionpack-2.1.2/lib/action_controller/benchmarking.rb:51:in `render'
    /Library/Ruby/Gems/1.8/gems/activesupport-2.1.2/lib/active_support/core_ext/benchmark.rb:8:in `realtime'
    /Library/Ruby/Gems/1.8/gems/actionpack-2.1.2/lib/action_controller/benchmarking.rb:51:in `render'
    /Library/Ruby/Gems/1.8/gems/actionpack-2.1.2/lib/action_controller/base.rb:1161:in `default_render'
    /Library/Ruby/Gems/1.8/gems/actionpack-2.1.2/lib/action_controller/base.rb:1167:in `perform_action_without_filters'
    /Library/Ruby/Gems/1.8/gems/actionpack-2.1.2/lib/action_controller/filters.rb:579:in `call_filters'
    /Library/Ruby/Gems/1.8/gems/actionpack-2.1.2/lib/action_controller/filters.rb:572:in `perform_action_without_benchmark'
    /Library/Ruby/Gems/1.8/gems/actionpack-2.1.2/lib/action_controller/benchmarking.rb:68:in `perform_action_without_rescue'
    /System/Library/Frameworks/Ruby.framework/Versions/1.8/usr/lib/ruby/1.8/benchmark.rb:293:in `measure'
    /Library/Ruby/Gems/1.8/gems/actionpack-2.1.2/lib/action_controller/benchmarking.rb:68:in `perform_action_without_rescue'
    /Library/Ruby/Gems/1.8/gems/actionpack-2.1.2/lib/action_controller/rescue.rb:201:in `perform_action_without_caching'
    /Library/Ruby/Gems/1.8/gems/actionpack-2.1.2/lib/action_controller/caching/sql_cache.rb:13:in `perform_action'
    /Library/Ruby/Gems/1.8/gems/activerecord-2.1.2/lib/active_record/connection_adapters/abstract/query_cache.rb:33:in `cache'
    /Library/Ruby/Gems/1.8/gems/activerecord-2.1.2/lib/active_record/query_cache.rb:8:in `cache'
    /Library/Ruby/Gems/1.8/gems/actionpack-2.1.2/lib/action_controller/caching/sql_cache.rb:12:in `perform_action'
    /Library/Ruby/Gems/1.8/gems/actionpack-2.1.2/lib/action_controller/base.rb:529:in `send'
    /Library/Ruby/Gems/1.8/gems/actionpack-2.1.2/lib/action_controller/base.rb:529:in `process_without_filters'
    /Library/Ruby/Gems/1.8/gems/actionpack-2.1.2/lib/action_controller/filters.rb:568:in `process_without_session_management_support'
    /Library/Ruby/Gems/1.8/gems/actionpack-2.1.2/lib/action_controller/session_management.rb:130:in `process'
    /Library/Ruby/Gems/1.8/gems/actionpack-2.1.2/lib/action_controller/base.rb:389:in `process'
    /Library/Ruby/Gems/1.8/gems/actionpack-2.1.2/lib/action_controller/dispatcher.rb:149:in `handle_request'
    /Library/Ruby/Gems/1.8/gems/actionpack-2.1.2/lib/action_controller/dispatcher.rb:107:in `dispatch'
    /Library/Ruby/Gems/1.8/gems/actionpack-2.1.2/lib/action_controller/dispatcher.rb:104:in `synchronize'
    /Library/Ruby/Gems/1.8/gems/actionpack-2.1.2/lib/action_controller/dispatcher.rb:104:in `dispatch'
    /Library/Ruby/Gems/1.8/gems/actionpack-2.1.2/lib/action_controller/dispatcher.rb:120:in `dispatch_cgi'
    /Library/Ruby/Gems/1.8/gems/actionpack-2.1.2/lib/action_controller/dispatcher.rb:35:in `dispatch'
    /System/Library/Frameworks/Ruby.framework/Versions/1.8/usr/lib/ruby/gems/1.8/gems/mongrel-1.1.4/bin/../lib/mongrel/rails.rb:76:in `process'
    /System/Library/Frameworks/Ruby.framework/Versions/1.8/usr/lib/ruby/gems/1.8/gems/mongrel-1.1.4/bin/../lib/mongrel/rails.rb:74:in `synchronize'
    /System/Library/Frameworks/Ruby.framework/Versions/1.8/usr/lib/ruby/gems/1.8/gems/mongrel-1.1.4/bin/../lib/mongrel/rails.rb:74:in `process'
    /System/Library/Frameworks/Ruby.framework/Versions/1.8/usr/lib/ruby/gems/1.8/gems/mongrel-1.1.4/lib/mongrel.rb:159:in `process_client'
    /System/Library/Frameworks/Ruby.framework/Versions/1.8/usr/lib/ruby/gems/1.8/gems/mongrel-1.1.4/lib/mongrel.rb:158:in `each'
    /System/Library/Frameworks/Ruby.framework/Versions/1.8/usr/lib/ruby/gems/1.8/gems/mongrel-1.1.4/lib/mongrel.rb:158:in `process_client'
    /System/Library/Frameworks/Ruby.framework/Versions/1.8/usr/lib/ruby/gems/1.8/gems/mongrel-1.1.4/lib/mongrel.rb:285:in `run'
    /System/Library/Frameworks/Ruby.framework/Versions/1.8/usr/lib/ruby/gems/1.8/gems/mongrel-1.1.4/lib/mongrel.rb:285:in `initialize'
    /System/Library/Frameworks/Ruby.framework/Versions/1.8/usr/lib/ruby/gems/1.8/gems/mongrel-1.1.4/lib/mongrel.rb:285:in `new'
    /System/Library/Frameworks/Ruby.framework/Versions/1.8/usr/lib/ruby/gems/1.8/gems/mongrel-1.1.4/lib/mongrel.rb:285:in `run'
    /System/Library/Frameworks/Ruby.framework/Versions/1.8/usr/lib/ruby/gems/1.8/gems/mongrel-1.1.4/lib/mongrel.rb:268:in `initialize'
    /System/Library/Frameworks/Ruby.framework/Versions/1.8/usr/lib/ruby/gems/1.8/gems/mongrel-1.1.4/lib/mongrel.rb:268:in `new'
    /System/Library/Frameworks/Ruby.framework/Versions/1.8/usr/lib/ruby/gems/1.8/gems/mongrel-1.1.4/lib/mongrel.rb:268:in `run'
    /System/Library/Frameworks/Ruby.framework/Versions/1.8/usr/lib/ruby/gems/1.8/gems/mongrel-1.1.4/lib/mongrel/configurator.rb:282:in `run'
    /System/Library/Frameworks/Ruby.framework/Versions/1.8/usr/lib/ruby/gems/1.8/gems/mongrel-1.1.4/lib/mongrel/configurator.rb:281:in `each'
    /System/Library/Frameworks/Ruby.framework/Versions/1.8/usr/lib/ruby/gems/1.8/gems/mongrel-1.1.4/lib/mongrel/configurator.rb:281:in `run'
    /System/Library/Frameworks/Ruby.framework/Versions/1.8/usr/lib/ruby/gems/1.8/gems/mongrel-1.1.4/bin/mongrel_rails:128:in `run'
    /System/Library/Frameworks/Ruby.framework/Versions/1.8/usr/lib/ruby/gems/1.8/gems/mongrel-1.1.4/lib/mongrel/command.rb:212:in `run'
    /System/Library/Frameworks/Ruby.framework/Versions/1.8/usr/lib/ruby/gems/1.8/gems/mongrel-1.1.4/bin/mongrel_rails:281
    /Library/Ruby/Gems/1.8/gems/activesupport-2.1.2/lib/active_support/dependencies.rb:503:in `load'
    /Library/Ruby/Gems/1.8/gems/activesupport-2.1.2/lib/active_support/dependencies.rb:503:in `load'
    /Library/Ruby/Gems/1.8/gems/activesupport-2.1.2/lib/active_support/dependencies.rb:355:in `new_constants_in'
    /Library/Ruby/Gems/1.8/gems/activesupport-2.1.2/lib/active_support/dependencies.rb:503:in `load'
    /Library/Ruby/Gems/1.8/gems/rails-2.1.2/lib/commands/servers/mongrel.rb:64
    /Library/Ruby/Site/1.8/rubygems/custom_require.rb:31:in `gem_original_require'
    /Library/Ruby/Site/1.8/rubygems/custom_require.rb:31:in `require'
    /Library/Ruby/Gems/1.8/gems/activesupport-2.1.2/lib/active_support/dependencies.rb:510:in `require'
    /Library/Ruby/Gems/1.8/gems/activesupport-2.1.2/lib/active_support/dependencies.rb:355:in `new_constants_in'
    /Library/Ruby/Gems/1.8/gems/activesupport-2.1.2/lib/active_support/dependencies.rb:510:in `require'
    /Library/Ruby/Gems/1.8/gems/rails-2.1.2/lib/commands/server.rb:39
    /Library/Ruby/Site/1.8/rubygems/custom_require.rb:31:in `gem_original_require'
    /Library/Ruby/Site/1.8/rubygems/custom_require.rb:31:in `require'
    script/server:3

Rendering /Library/Ruby/Gems/1.8/gems/actionpack-2.1.2/lib/action_controller/templates/rescues/layout.erb (internal_server_error)


Processing ApplicationController#index (for 127.0.0.1 at 2008-11-29 11:50:23) [GET]
  Session ID: BAh7BzoMY3NyZl9pZCIlYTU3NjYzZmRmZDY2ZWM0YzdiODUxMzk2MGI4ZTZj
ODEiCmZsYXNoSUM6J0FjdGlvbkNvbnRyb2xsZXI6OkZsYXNoOjpGbGFzaEhh
c2h7AAY6CkB1c2VkewA=--c35a623c649c3b3ae15a2f86198f7cdc6484bf7f
  Parameters: {}


ActionController::RoutingError (No route matches "/incidents/news.xml" with {:method=>:get}):
    /Library/Ruby/Gems/1.8/gems/actionpack-2.1.2/lib/action_controller/routing/recognition_optimisation.rb:67:in `recognize_path'
    /Library/Ruby/Gems/1.8/gems/actionpack-2.1.2/lib/action_controller/routing/route_set.rb:385:in `recognize'
    /Library/Ruby/Gems/1.8/gems/actionpack-2.1.2/lib/action_controller/dispatcher.rb:148:in `handle_request'
    /Library/Ruby/Gems/1.8/gems/actionpack-2.1.2/lib/action_controller/dispatcher.rb:107:in `dispatch'
    /Library/Ruby/Gems/1.8/gems/actionpack-2.1.2/lib/action_controller/dispatcher.rb:104:in `synchronize'
    /Library/Ruby/Gems/1.8/gems/actionpack-2.1.2/lib/action_controller/dispatcher.rb:104:in `dispatch'
    /Library/Ruby/Gems/1.8/gems/actionpack-2.1.2/lib/action_controller/dispatcher.rb:120:in `dispatch_cgi'
    /Library/Ruby/Gems/1.8/gems/actionpack-2.1.2/lib/action_controller/dispatcher.rb:35:in `dispatch'
    /System/Library/Frameworks/Ruby.framework/Versions/1.8/usr/lib/ruby/gems/1.8/gems/mongrel-1.1.4/bin/../lib/mongrel/rails.rb:76:in `process'
    /System/Library/Frameworks/Ruby.framework/Versions/1.8/usr/lib/ruby/gems/1.8/gems/mongrel-1.1.4/bin/../lib/mongrel/rails.rb:74:in `synchronize'
    /System/Library/Frameworks/Ruby.framework/Versions/1.8/usr/lib/ruby/gems/1.8/gems/mongrel-1.1.4/bin/../lib/mongrel/rails.rb:74:in `process'
    /System/Library/Frameworks/Ruby.framework/Versions/1.8/usr/lib/ruby/gems/1.8/gems/mongrel-1.1.4/lib/mongrel.rb:159:in `process_client'
    /System/Library/Frameworks/Ruby.framework/Versions/1.8/usr/lib/ruby/gems/1.8/gems/mongrel-1.1.4/lib/mongrel.rb:158:in `each'
    /System/Library/Frameworks/Ruby.framework/Versions/1.8/usr/lib/ruby/gems/1.8/gems/mongrel-1.1.4/lib/mongrel.rb:158:in `process_client'
    /System/Library/Frameworks/Ruby.framework/Versions/1.8/usr/lib/ruby/gems/1.8/gems/mongrel-1.1.4/lib/mongrel.rb:285:in `run'
    /System/Library/Frameworks/Ruby.framework/Versions/1.8/usr/lib/ruby/gems/1.8/gems/mongrel-1.1.4/lib/mongrel.rb:285:in `initialize'
    /System/Library/Frameworks/Ruby.framework/Versions/1.8/usr/lib/ruby/gems/1.8/gems/mongrel-1.1.4/lib/mongrel.rb:285:in `new'
    /System/Library/Frameworks/Ruby.framework/Versions/1.8/usr/lib/ruby/gems/1.8/gems/mongrel-1.1.4/lib/mongrel.rb:285:in `run'
    /System/Library/Frameworks/Ruby.framework/Versions/1.8/usr/lib/ruby/gems/1.8/gems/mongrel-1.1.4/lib/mongrel.rb:268:in `initialize'
    /System/Library/Frameworks/Ruby.framework/Versions/1.8/usr/lib/ruby/gems/1.8/gems/mongrel-1.1.4/lib/mongrel.rb:268:in `new'
    /System/Library/Frameworks/Ruby.framework/Versions/1.8/usr/lib/ruby/gems/1.8/gems/mongrel-1.1.4/lib/mongrel.rb:268:in `run'
    /System/Library/Frameworks/Ruby.framework/Versions/1.8/usr/lib/ruby/gems/1.8/gems/mongrel-1.1.4/lib/mongrel/configurator.rb:282:in `run'
    /System/Library/Frameworks/Ruby.framework/Versions/1.8/usr/lib/ruby/gems/1.8/gems/mongrel-1.1.4/lib/mongrel/configurator.rb:281:in `each'
    /System/Library/Frameworks/Ruby.framework/Versions/1.8/usr/lib/ruby/gems/1.8/gems/mongrel-1.1.4/lib/mongrel/configurator.rb:281:in `run'
    /System/Library/Frameworks/Ruby.framework/Versions/1.8/usr/lib/ruby/gems/1.8/gems/mongrel-1.1.4/bin/mongrel_rails:128:in `run'
    /System/Library/Frameworks/Ruby.framework/Versions/1.8/usr/lib/ruby/gems/1.8/gems/mongrel-1.1.4/lib/mongrel/command.rb:212:in `run'
    /System/Library/Frameworks/Ruby.framework/Versions/1.8/usr/lib/ruby/gems/1.8/gems/mongrel-1.1.4/bin/mongrel_rails:281
    /Library/Ruby/Gems/1.8/gems/activesupport-2.1.2/lib/active_support/dependencies.rb:503:in `load'
    /Library/Ruby/Gems/1.8/gems/activesupport-2.1.2/lib/active_support/dependencies.rb:503:in `load'
    /Library/Ruby/Gems/1.8/gems/activesupport-2.1.2/lib/active_support/dependencies.rb:355:in `new_constants_in'
    /Library/Ruby/Gems/1.8/gems/activesupport-2.1.2/lib/active_support/dependencies.rb:503:in `load'
    /Library/Ruby/Gems/1.8/gems/rails-2.1.2/lib/commands/servers/mongrel.rb:64
    /Library/Ruby/Site/1.8/rubygems/custom_require.rb:31:in `gem_original_require'
    /Library/Ruby/Site/1.8/rubygems/custom_require.rb:31:in `require'
    /Library/Ruby/Gems/1.8/gems/activesupport-2.1.2/lib/active_support/dependencies.rb:510:in `require'
    /Library/Ruby/Gems/1.8/gems/activesupport-2.1.2/lib/active_support/dependencies.rb:355:in `new_constants_in'
    /Library/Ruby/Gems/1.8/gems/activesupport-2.1.2/lib/active_support/dependencies.rb:510:in `require'
    /Library/Ruby/Gems/1.8/gems/rails-2.1.2/lib/commands/server.rb:39
    /Library/Ruby/Site/1.8/rubygems/custom_require.rb:31:in `gem_original_require'
    /Library/Ruby/Site/1.8/rubygems/custom_require.rb:31:in `require'
    script/server:3

Rendering /Library/Ruby/Gems/1.8/gems/actionpack-2.1.2/lib/action_controller/templates/rescues/layout.erb (not_found)


Processing ClientWorkoutsController#index (for 127.0.0.1 at 2008-11-29 11:56:52) [GET]
  Session ID: BAh7BzoMY3NyZl9pZCIlYTU3NjYzZmRmZDY2ZWM0YzdiODUxMzk2MGI4ZTZj
ODEiCmZsYXNoSUM6J0FjdGlvbkNvbnRyb2xsZXI6OkZsYXNoOjpGbGFzaEhh
c2h7AAY6CkB1c2VkewA=--c35a623c649c3b3ae15a2f86198f7cdc6484bf7f
  Parameters: {"action"=>"index", "controller"=>"client_workouts"}
  [4;36;1mClientWorkout Load (0.000581)[0m   [0;1mSELECT * FROM "client_workouts" [0m
Rendering template within layouts/client_workouts
Rendering client_workouts/index
Completed in 0.02595 (38 reqs/sec) | Rendering: 0.00571 (21%) | DB: 0.00058 (2%) | 200 OK [http://localhost/client_workouts/]


Processing ClientWorkoutsController#find (for 127.0.0.1 at 2008-11-29 12:02:27) [POST]
  Session ID: BAh7BzoMY3NyZl9pZCIlYTU3NjYzZmRmZDY2ZWM0YzdiODUxMzk2MGI4ZTZj
ODEiCmZsYXNoSUM6J0FjdGlvbkNvbnRyb2xsZXI6OkZsYXNoOjpGbGFzaEhh
c2h7AAY6CkB1c2VkewA=--c35a623c649c3b3ae15a2f86198f7cdc6484bf7f
  Parameters: {"commit"=>"Search", "search_string"=>"Lenny Goldberg", "authenticity_token"=>"fc16bb63e24407b806a2d0cdee63b4c3a107b571", "action"=>"find", "controller"=>"client_workouts"}
  [4;35;1mClientWorkout Load (0.000134)[0m   [0mSELECT * FROM "client_workouts" WHERE ("client_workouts"."client_name" = 'Lenny Goldberg') [0m
Rendering template within layouts/client_workouts
Rendering client_workouts/find
ERROR: compiling _run_erb_47app47views47client_workouts47find46html46erb RAISED compile error
/Users/davidg/data/writing/books/hfror/pages/tech_review/code/chap4/trainers/app/views/client_workouts/find.html.erb:19: syntax error, unexpected tIDENTIFIER, expecting kDO or '{' or '('
_erbout.concat "    <td>"; _erbout.concat(( link_to ’Destroy’, client_workout, :confirm => ’Are you sure?’, :method => :delete ).to_s); _erbout.concat "</td>\n"
                                                                                                         ^
Function body: def _run_erb_47app47views47client_workouts47find46html46erb(local_assigns)
_erbout = ''; _erbout.concat "<h1>Listing client_workouts for "; _erbout.concat(( params[:search_string] ).to_s); _erbout.concat "</h1>\n"
_erbout.concat "\n"
_erbout.concat "<table>\n"
_erbout.concat "  <tr>\n"
_erbout.concat "    <th>Trainer</th>\n"
_erbout.concat "    <th>Duration mins</th>\n"
_erbout.concat "    <th>Date of workout</th>\n"
_erbout.concat "    <th>Paid amount</th>\n"
_erbout.concat "  </tr>\n"
_erbout.concat "\n"
 for client_workout in @client_workouts ; _erbout.concat "\n"
_erbout.concat "  <tr>\n"
_erbout.concat "    <td>"; _erbout.concat((h client_workout.trainer ).to_s); _erbout.concat "</td>\n"
_erbout.concat "    <td>"; _erbout.concat((h client_workout.duration_mins ).to_s); _erbout.concat "</td>\n"
_erbout.concat "    <td>"; _erbout.concat((h client_workout.date_of_workout ).to_s); _erbout.concat "</td>\n"
_erbout.concat "    <td>"; _erbout.concat((h client_workout.paid_amount ).to_s); _erbout.concat "</td>\n"
_erbout.concat "    <td>"; _erbout.concat(( link_to ’Show’, client_workout ).to_s); _erbout.concat "</td>\n"
_erbout.concat "    <td>"; _erbout.concat(( link_to ’Edit’, edit_client_workout_path(client_workout) ).to_s); _erbout.concat "</td>\n"
_erbout.concat "    <td>"; _erbout.concat(( link_to ’Destroy’, client_workout, :confirm => ’Are you sure?’, :method => :delete ).to_s); _erbout.concat "</td>\n"
_erbout.concat "  </tr>\n"
 end ; _erbout.concat "\n"
_erbout.concat "</table>"; _erbout
end
Backtrace: /Users/davidg/data/writing/books/hfror/pages/tech_review/code/chap4/trainers/app/views/client_workouts/find.html.erb:23:in `compile_template'
/Library/Ruby/Gems/1.8/gems/actionpack-2.1.2/lib/action_view/template.rb:55:in `prepare!'
/Library/Ruby/Gems/1.8/gems/actionpack-2.1.2/lib/action_view/template.rb:34:in `render'
/Library/Ruby/Gems/1.8/gems/actionpack-2.1.2/lib/action_view/template.rb:22:in `render_template'
/Library/Ruby/Gems/1.8/gems/actionpack-2.1.2/lib/action_view/base.rb:248:in `render_file'
/Library/Ruby/Gems/1.8/gems/actionpack-2.1.2/lib/action_controller/base.rb:1112:in `render_for_file'
/Library/Ruby/Gems/1.8/gems/actionpack-2.1.2/lib/action_controller/base.rb:845:in `render_with_no_layout'
/Library/Ruby/Gems/1.8/gems/actionpack-2.1.2/lib/action_controller/layout.rb:251:in `render_without_benchmark'
/Library/Ruby/Gems/1.8/gems/actionpack-2.1.2/lib/action_controller/benchmarking.rb:51:in `render'
/Library/Ruby/Gems/1.8/gems/activesupport-2.1.2/lib/active_support/core_ext/benchmark.rb:8:in `realtime'
/Library/Ruby/Gems/1.8/gems/actionpack-2.1.2/lib/action_controller/benchmarking.rb:51:in `render'
/Library/Ruby/Gems/1.8/gems/actionpack-2.1.2/lib/action_controller/base.rb:1161:in `default_render'
/Library/Ruby/Gems/1.8/gems/actionpack-2.1.2/lib/action_controller/base.rb:1167:in `perform_action_without_filters'
/Library/Ruby/Gems/1.8/gems/actionpack-2.1.2/lib/action_controller/filters.rb:579:in `call_filters'
/Library/Ruby/Gems/1.8/gems/actionpack-2.1.2/lib/action_controller/filters.rb:572:in `perform_action_without_benchmark'
/Library/Ruby/Gems/1.8/gems/actionpack-2.1.2/lib/action_controller/benchmarking.rb:68:in `perform_action_without_rescue'
/System/Library/Frameworks/Ruby.framework/Versions/1.8/usr/lib/ruby/1.8/benchmark.rb:293:in `measure'
/Library/Ruby/Gems/1.8/gems/actionpack-2.1.2/lib/action_controller/benchmarking.rb:68:in `perform_action_without_rescue'
/Library/Ruby/Gems/1.8/gems/actionpack-2.1.2/lib/action_controller/rescue.rb:201:in `perform_action_without_caching'
/Library/Ruby/Gems/1.8/gems/actionpack-2.1.2/lib/action_controller/caching/sql_cache.rb:13:in `perform_action'
/Library/Ruby/Gems/1.8/gems/activerecord-2.1.2/lib/active_record/connection_adapters/abstract/query_cache.rb:33:in `cache'
/Library/Ruby/Gems/1.8/gems/activerecord-2.1.2/lib/active_record/query_cache.rb:8:in `cache'
/Library/Ruby/Gems/1.8/gems/actionpack-2.1.2/lib/action_controller/caching/sql_cache.rb:12:in `perform_action'
/Library/Ruby/Gems/1.8/gems/actionpack-2.1.2/lib/action_controller/base.rb:529:in `send'
/Library/Ruby/Gems/1.8/gems/actionpack-2.1.2/lib/action_controller/base.rb:529:in `process_without_filters'
/Library/Ruby/Gems/1.8/gems/actionpack-2.1.2/lib/action_controller/filters.rb:568:in `process_without_session_management_support'
/Library/Ruby/Gems/1.8/gems/actionpack-2.1.2/lib/action_controller/session_management.rb:130:in `process'
/Library/Ruby/Gems/1.8/gems/actionpack-2.1.2/lib/action_controller/base.rb:389:in `process'
/Library/Ruby/Gems/1.8/gems/actionpack-2.1.2/lib/action_controller/dispatcher.rb:149:in `handle_request'
/Library/Ruby/Gems/1.8/gems/actionpack-2.1.2/lib/action_controller/dispatcher.rb:107:in `dispatch'
/Library/Ruby/Gems/1.8/gems/actionpack-2.1.2/lib/action_controller/dispatcher.rb:104:in `synchronize'
/Library/Ruby/Gems/1.8/gems/actionpack-2.1.2/lib/action_controller/dispatcher.rb:104:in `dispatch'
/Library/Ruby/Gems/1.8/gems/actionpack-2.1.2/lib/action_controller/dispatcher.rb:120:in `dispatch_cgi'
/Library/Ruby/Gems/1.8/gems/actionpack-2.1.2/lib/action_controller/dispatcher.rb:35:in `dispatch'
/System/Library/Frameworks/Ruby.framework/Versions/1.8/usr/lib/ruby/gems/1.8/gems/mongrel-1.1.4/bin/../lib/mongrel/rails.rb:76:in `process'
/System/Library/Frameworks/Ruby.framework/Versions/1.8/usr/lib/ruby/gems/1.8/gems/mongrel-1.1.4/bin/../lib/mongrel/rails.rb:74:in `synchronize'
/System/Library/Frameworks/Ruby.framework/Versions/1.8/usr/lib/ruby/gems/1.8/gems/mongrel-1.1.4/bin/../lib/mongrel/rails.rb:74:in `process'
/System/Library/Frameworks/Ruby.framework/Versions/1.8/usr/lib/ruby/gems/1.8/gems/mongrel-1.1.4/lib/mongrel.rb:159:in `process_client'
/System/Library/Frameworks/Ruby.framework/Versions/1.8/usr/lib/ruby/gems/1.8/gems/mongrel-1.1.4/lib/mongrel.rb:158:in `each'
/System/Library/Frameworks/Ruby.framework/Versions/1.8/usr/lib/ruby/gems/1.8/gems/mongrel-1.1.4/lib/mongrel.rb:158:in `process_client'
/System/Library/Frameworks/Ruby.framework/Versions/1.8/usr/lib/ruby/gems/1.8/gems/mongrel-1.1.4/lib/mongrel.rb:285:in `run'
/System/Library/Frameworks/Ruby.framework/Versions/1.8/usr/lib/ruby/gems/1.8/gems/mongrel-1.1.4/lib/mongrel.rb:285:in `initialize'
/System/Library/Frameworks/Ruby.framework/Versions/1.8/usr/lib/ruby/gems/1.8/gems/mongrel-1.1.4/lib/mongrel.rb:285:in `new'
/System/Library/Frameworks/Ruby.framework/Versions/1.8/usr/lib/ruby/gems/1.8/gems/mongrel-1.1.4/lib/mongrel.rb:285:in `run'
/System/Library/Frameworks/Ruby.framework/Versions/1.8/usr/lib/ruby/gems/1.8/gems/mongrel-1.1.4/lib/mongrel.rb:268:in `initialize'
/System/Library/Frameworks/Ruby.framework/Versions/1.8/usr/lib/ruby/gems/1.8/gems/mongrel-1.1.4/lib/mongrel.rb:268:in `new'
/System/Library/Frameworks/Ruby.framework/Versions/1.8/usr/lib/ruby/gems/1.8/gems/mongrel-1.1.4/lib/mongrel.rb:268:in `run'
/System/Library/Frameworks/Ruby.framework/Versions/1.8/usr/lib/ruby/gems/1.8/gems/mongrel-1.1.4/lib/mongrel/configurator.rb:282:in `run'
/System/Library/Frameworks/Ruby.framework/Versions/1.8/usr/lib/ruby/gems/1.8/gems/mongrel-1.1.4/lib/mongrel/configurator.rb:281:in `each'
/System/Library/Frameworks/Ruby.framework/Versions/1.8/usr/lib/ruby/gems/1.8/gems/mongrel-1.1.4/lib/mongrel/configurator.rb:281:in `run'
/System/Library/Frameworks/Ruby.framework/Versions/1.8/usr/lib/ruby/gems/1.8/gems/mongrel-1.1.4/bin/mongrel_rails:128:in `run'
/System/Library/Frameworks/Ruby.framework/Versions/1.8/usr/lib/ruby/gems/1.8/gems/mongrel-1.1.4/lib/mongrel/command.rb:212:in `run'
/System/Library/Frameworks/Ruby.framework/Versions/1.8/usr/lib/ruby/gems/1.8/gems/mongrel-1.1.4/bin/mongrel_rails:281
/Library/Ruby/Gems/1.8/gems/activesupport-2.1.2/lib/active_support/dependencies.rb:503:in `load'
/Library/Ruby/Gems/1.8/gems/activesupport-2.1.2/lib/active_support/dependencies.rb:503:in `load'
/Library/Ruby/Gems/1.8/gems/activesupport-2.1.2/lib/active_support/dependencies.rb:355:in `new_constants_in'
/Library/Ruby/Gems/1.8/gems/activesupport-2.1.2/lib/active_support/dependencies.rb:503:in `load'
/Library/Ruby/Gems/1.8/gems/rails-2.1.2/lib/commands/servers/mongrel.rb:64
/Library/Ruby/Site/1.8/rubygems/custom_require.rb:31:in `gem_original_require'
/Library/Ruby/Site/1.8/rubygems/custom_require.rb:31:in `require'
/Library/Ruby/Gems/1.8/gems/activesupport-2.1.2/lib/active_support/dependencies.rb:510:in `require'
/Library/Ruby/Gems/1.8/gems/activesupport-2.1.2/lib/active_support/dependencies.rb:355:in `new_constants_in'
/Library/Ruby/Gems/1.8/gems/activesupport-2.1.2/lib/active_support/dependencies.rb:510:in `require'
/Library/Ruby/Gems/1.8/gems/rails-2.1.2/lib/commands/server.rb:39
/Library/Ruby/Site/1.8/rubygems/custom_require.rb:31:in `gem_original_require'
/Library/Ruby/Site/1.8/rubygems/custom_require.rb:31:in `require'
script/server:3


ActionView::TemplateError (compile error
/Users/davidg/data/writing/books/hfror/pages/tech_review/code/chap4/trainers/app/views/client_workouts/find.html.erb:19: syntax error, unexpected tIDENTIFIER, expecting kDO or '{' or '('
_erbout.concat "    <td>"; _erbout.concat(( link_to ’Destroy’, client_workout, :confirm => ’Are you sure?’, :method => :delete ).to_s); _erbout.concat "</td>\n"
                                                                                                         ^) on line #19 of client_workouts/find.html.erb:
16:     <td><%=h client_workout.paid_amount %></td>
17:     <td><%= link_to ’Show’, client_workout %></td>
18:     <td><%= link_to ’Edit’, edit_client_workout_path(client_workout) %></td>
19:     <td><%= link_to ’Destroy’, client_workout, :confirm => ’Are you sure?’, :method => :delete %></td>
20:   </tr>
21: <% end %>
22: </table>
    app/views/client_workouts/find.html.erb:23:in `compile_template'
    /Library/Ruby/Gems/1.8/gems/actionpack-2.1.2/lib/action_view/template.rb:55:in `prepare!'
    /Library/Ruby/Gems/1.8/gems/actionpack-2.1.2/lib/action_view/template.rb:34:in `render'
    /Library/Ruby/Gems/1.8/gems/actionpack-2.1.2/lib/action_view/template.rb:22:in `render_template'
    /Library/Ruby/Gems/1.8/gems/actionpack-2.1.2/lib/action_view/base.rb:248:in `render_file'
    /Library/Ruby/Gems/1.8/gems/actionpack-2.1.2/lib/action_controller/base.rb:1112:in `render_for_file'
    /Library/Ruby/Gems/1.8/gems/actionpack-2.1.2/lib/action_controller/base.rb:845:in `render_with_no_layout'
    /Library/Ruby/Gems/1.8/gems/actionpack-2.1.2/lib/action_controller/layout.rb:251:in `render_without_benchmark'
    /Library/Ruby/Gems/1.8/gems/actionpack-2.1.2/lib/action_controller/benchmarking.rb:51:in `render'
    /Library/Ruby/Gems/1.8/gems/activesupport-2.1.2/lib/active_support/core_ext/benchmark.rb:8:in `realtime'
    /Library/Ruby/Gems/1.8/gems/actionpack-2.1.2/lib/action_controller/benchmarking.rb:51:in `render'
    /Library/Ruby/Gems/1.8/gems/actionpack-2.1.2/lib/action_controller/base.rb:1161:in `default_render'
    /Library/Ruby/Gems/1.8/gems/actionpack-2.1.2/lib/action_controller/base.rb:1167:in `perform_action_without_filters'
    /Library/Ruby/Gems/1.8/gems/actionpack-2.1.2/lib/action_controller/filters.rb:579:in `call_filters'
    /Library/Ruby/Gems/1.8/gems/actionpack-2.1.2/lib/action_controller/filters.rb:572:in `perform_action_without_benchmark'
    /Library/Ruby/Gems/1.8/gems/actionpack-2.1.2/lib/action_controller/benchmarking.rb:68:in `perform_action_without_rescue'
    /System/Library/Frameworks/Ruby.framework/Versions/1.8/usr/lib/ruby/1.8/benchmark.rb:293:in `measure'
    /Library/Ruby/Gems/1.8/gems/actionpack-2.1.2/lib/action_controller/benchmarking.rb:68:in `perform_action_without_rescue'
    /Library/Ruby/Gems/1.8/gems/actionpack-2.1.2/lib/action_controller/rescue.rb:201:in `perform_action_without_caching'
    /Library/Ruby/Gems/1.8/gems/actionpack-2.1.2/lib/action_controller/caching/sql_cache.rb:13:in `perform_action'
    /Library/Ruby/Gems/1.8/gems/activerecord-2.1.2/lib/active_record/connection_adapters/abstract/query_cache.rb:33:in `cache'
    /Library/Ruby/Gems/1.8/gems/activerecord-2.1.2/lib/active_record/query_cache.rb:8:in `cache'
    /Library/Ruby/Gems/1.8/gems/actionpack-2.1.2/lib/action_controller/caching/sql_cache.rb:12:in `perform_action'
    /Library/Ruby/Gems/1.8/gems/actionpack-2.1.2/lib/action_controller/base.rb:529:in `send'
    /Library/Ruby/Gems/1.8/gems/actionpack-2.1.2/lib/action_controller/base.rb:529:in `process_without_filters'
    /Library/Ruby/Gems/1.8/gems/actionpack-2.1.2/lib/action_controller/filters.rb:568:in `process_without_session_management_support'
    /Library/Ruby/Gems/1.8/gems/actionpack-2.1.2/lib/action_controller/session_management.rb:130:in `process'
    /Library/Ruby/Gems/1.8/gems/actionpack-2.1.2/lib/action_controller/base.rb:389:in `process'
    /Library/Ruby/Gems/1.8/gems/actionpack-2.1.2/lib/action_controller/dispatcher.rb:149:in `handle_request'
    /Library/Ruby/Gems/1.8/gems/actionpack-2.1.2/lib/action_controller/dispatcher.rb:107:in `dispatch'
    /Library/Ruby/Gems/1.8/gems/actionpack-2.1.2/lib/action_controller/dispatcher.rb:104:in `synchronize'
    /Library/Ruby/Gems/1.8/gems/actionpack-2.1.2/lib/action_controller/dispatcher.rb:104:in `dispatch'
    /Library/Ruby/Gems/1.8/gems/actionpack-2.1.2/lib/action_controller/dispatcher.rb:120:in `dispatch_cgi'
    /Library/Ruby/Gems/1.8/gems/actionpack-2.1.2/lib/action_controller/dispatcher.rb:35:in `dispatch'
    /System/Library/Frameworks/Ruby.framework/Versions/1.8/usr/lib/ruby/gems/1.8/gems/mongrel-1.1.4/lib/mongrel/rails.rb:76:in `process'
    /System/Library/Frameworks/Ruby.framework/Versions/1.8/usr/lib/ruby/gems/1.8/gems/mongrel-1.1.4/lib/mongrel/rails.rb:74:in `synchronize'
    /System/Library/Frameworks/Ruby.framework/Versions/1.8/usr/lib/ruby/gems/1.8/gems/mongrel-1.1.4/lib/mongrel/rails.rb:74:in `process'
    /System/Library/Frameworks/Ruby.framework/Versions/1.8/usr/lib/ruby/gems/1.8/gems/mongrel-1.1.4/lib/mongrel.rb:159:in `process_client'
    /System/Library/Frameworks/Ruby.framework/Versions/1.8/usr/lib/ruby/gems/1.8/gems/mongrel-1.1.4/lib/mongrel.rb:158:in `each'
    /System/Library/Frameworks/Ruby.framework/Versions/1.8/usr/lib/ruby/gems/1.8/gems/mongrel-1.1.4/lib/mongrel.rb:158:in `process_client'
    /System/Library/Frameworks/Ruby.framework/Versions/1.8/usr/lib/ruby/gems/1.8/gems/mongrel-1.1.4/lib/mongrel.rb:285:in `run'
    /System/Library/Frameworks/Ruby.framework/Versions/1.8/usr/lib/ruby/gems/1.8/gems/mongrel-1.1.4/lib/mongrel.rb:285:in `initialize'
    /System/Library/Frameworks/Ruby.framework/Versions/1.8/usr/lib/ruby/gems/1.8/gems/mongrel-1.1.4/lib/mongrel.rb:285:in `new'
    /System/Library/Frameworks/Ruby.framework/Versions/1.8/usr/lib/ruby/gems/1.8/gems/mongrel-1.1.4/lib/mongrel.rb:285:in `run'
    /System/Library/Frameworks/Ruby.framework/Versions/1.8/usr/lib/ruby/gems/1.8/gems/mongrel-1.1.4/lib/mongrel.rb:268:in `initialize'
    /System/Library/Frameworks/Ruby.framework/Versions/1.8/usr/lib/ruby/gems/1.8/gems/mongrel-1.1.4/lib/mongrel.rb:268:in `new'
    /System/Library/Frameworks/Ruby.framework/Versions/1.8/usr/lib/ruby/gems/1.8/gems/mongrel-1.1.4/lib/mongrel.rb:268:in `run'
    /System/Library/Frameworks/Ruby.framework/Versions/1.8/usr/lib/ruby/gems/1.8/gems/mongrel-1.1.4/lib/mongrel/configurator.rb:282:in `run'
    /System/Library/Frameworks/Ruby.framework/Versions/1.8/usr/lib/ruby/gems/1.8/gems/mongrel-1.1.4/lib/mongrel/configurator.rb:281:in `each'
    /System/Library/Frameworks/Ruby.framework/Versions/1.8/usr/lib/ruby/gems/1.8/gems/mongrel-1.1.4/lib/mongrel/configurator.rb:281:in `run'
    /System/Library/Frameworks/Ruby.framework/Versions/1.8/usr/lib/ruby/gems/1.8/gems/mongrel-1.1.4/bin/mongrel_rails:128:in `run'
    /System/Library/Frameworks/Ruby.framework/Versions/1.8/usr/lib/ruby/gems/1.8/gems/mongrel-1.1.4/lib/mongrel/command.rb:212:in `run'
    /System/Library/Frameworks/Ruby.framework/Versions/1.8/usr/lib/ruby/gems/1.8/gems/mongrel-1.1.4/bin/mongrel_rails:281
    /Library/Ruby/Gems/1.8/gems/activesupport-2.1.2/lib/active_support/dependencies.rb:503:in `load'
    /Library/Ruby/Gems/1.8/gems/activesupport-2.1.2/lib/active_support/dependencies.rb:503:in `load'
    /Library/Ruby/Gems/1.8/gems/activesupport-2.1.2/lib/active_support/dependencies.rb:355:in `new_constants_in'
    /Library/Ruby/Gems/1.8/gems/activesupport-2.1.2/lib/active_support/dependencies.rb:503:in `load'
    /Library/Ruby/Gems/1.8/gems/rails-2.1.2/lib/commands/servers/mongrel.rb:64
    /Library/Ruby/Site/1.8/rubygems/custom_require.rb:31:in `gem_original_require'
    /Library/Ruby/Site/1.8/rubygems/custom_require.rb:31:in `require'
    /Library/Ruby/Gems/1.8/gems/activesupport-2.1.2/lib/active_support/dependencies.rb:510:in `require'
    /Library/Ruby/Gems/1.8/gems/activesupport-2.1.2/lib/active_support/dependencies.rb:355:in `new_constants_in'
    /Library/Ruby/Gems/1.8/gems/activesupport-2.1.2/lib/active_support/dependencies.rb:510:in `require'
    /Library/Ruby/Gems/1.8/gems/rails-2.1.2/lib/commands/server.rb:39
    /Library/Ruby/Site/1.8/rubygems/custom_require.rb:31:in `gem_original_require'
    /Library/Ruby/Site/1.8/rubygems/custom_require.rb:31:in `require'
    script/server:3

Rendering /Library/Ruby/Gems/1.8/gems/actionpack-2.1.2/lib/action_controller/templates/rescues/layout.erb (internal_server_error)


Processing ClientWorkoutsController#find (for 127.0.0.1 at 2008-11-29 12:03:17) [POST]
  Session ID: BAh7BzoMY3NyZl9pZCIlYTU3NjYzZmRmZDY2ZWM0YzdiODUxMzk2MGI4ZTZj
ODEiCmZsYXNoSUM6J0FjdGlvbkNvbnRyb2xsZXI6OkZsYXNoOjpGbGFzaEhh
c2h7AAY6CkB1c2VkewA=--c35a623c649c3b3ae15a2f86198f7cdc6484bf7f
  Parameters: {"commit"=>"Search", "search_string"=>"Lenny Goldberg", "authenticity_token"=>"fc16bb63e24407b806a2d0cdee63b4c3a107b571", "action"=>"find", "controller"=>"client_workouts"}
  [4;36;1mClientWorkout Load (0.000110)[0m   [0;1mSELECT * FROM "client_workouts" WHERE ("client_workouts"."client_name" = 'Lenny Goldberg') [0m
Rendering template within layouts/client_workouts
Rendering client_workouts/find
Completed in 0.00719 (139 reqs/sec) | Rendering: 0.00188 (26%) | DB: 0.00011 (1%) | 200 OK [http://localhost/client_workouts/find]


Processing ClientWorkoutsController#index (for 127.0.0.1 at 2008-11-29 12:18:16) [GET]
  Session ID: BAh7BzoMY3NyZl9pZCIlYTU3NjYzZmRmZDY2ZWM0YzdiODUxMzk2MGI4ZTZj
ODEiCmZsYXNoSUM6J0FjdGlvbkNvbnRyb2xsZXI6OkZsYXNoOjpGbGFzaEhh
c2h7AAY6CkB1c2VkewA=--c35a623c649c3b3ae15a2f86198f7cdc6484bf7f
  Parameters: {"action"=>"index", "controller"=>"client_workouts"}
  [4;35;1mClientWorkout Load (0.000978)[0m   [0mSELECT * FROM "client_workouts" [0m
Rendering template within layouts/client_workouts
Rendering client_workouts/index
Completed in 0.01168 (85 reqs/sec) | Rendering: 0.00596 (51%) | DB: 0.00098 (8%) | 200 OK [http://localhost/client_workouts/]


Processing ClientWorkoutsController#find (for 127.0.0.1 at 2008-11-29 12:18:21) [POST]
  Session ID: BAh7BzoMY3NyZl9pZCIlYTU3NjYzZmRmZDY2ZWM0YzdiODUxMzk2MGI4ZTZj
ODEiCmZsYXNoSUM6J0FjdGlvbkNvbnRyb2xsZXI6OkZsYXNoOjpGbGFzaEhh
c2h7AAY6CkB1c2VkewA=--c35a623c649c3b3ae15a2f86198f7cdc6484bf7f
  Parameters: {"commit"=>"Search", "search_string"=>"Lenny Goldberg", "authenticity_token"=>"fc16bb63e24407b806a2d0cdee63b4c3a107b571", "action"=>"find", "controller"=>"client_workouts"}
  [4;36;1mClientWorkout Load (0.000960)[0m   [0;1mSELECT * FROM "client_workouts" WHERE (client_name = 'Lenny Goldberg' OR trainer = 'Lenny Goldberg') [0m
Rendering template within layouts/client_workouts
Rendering client_workouts/find
Completed in 0.01162 (86 reqs/sec) | Rendering: 0.00530 (45%) | DB: 0.00096 (8%) | 200 OK [http://localhost/client_workouts/find]


Processing ClientWorkoutsController#find (for 127.0.0.1 at 2008-11-29 12:18:35) [POST]
  Session ID: BAh7BzoMY3NyZl9pZCIlYTU3NjYzZmRmZDY2ZWM0YzdiODUxMzk2MGI4ZTZj
ODEiCmZsYXNoSUM6J0FjdGlvbkNvbnRyb2xsZXI6OkZsYXNoOjpGbGFzaEhh
c2h7AAY6CkB1c2VkewA=--c35a623c649c3b3ae15a2f86198f7cdc6484bf7f
  Parameters: {"commit"=>"Search", "search_string"=>"Clint", "authenticity_token"=>"fc16bb63e24407b806a2d0cdee63b4c3a107b571", "action"=>"find", "controller"=>"client_workouts"}
  [4;35;1mClientWorkout Load (0.000640)[0m   [0mSELECT * FROM "client_workouts" WHERE (client_name = 'Clint' OR trainer = 'Clint') [0m
Rendering template within layouts/client_workouts
Rendering client_workouts/find
Completed in 0.00923 (108 reqs/sec) | Rendering: 0.00428 (46%) | DB: 0.00064 (6%) | 200 OK [http://localhost/client_workouts/find]
